2020-06-03 02:16:20,774 : INFO : Start of Training
2020-06-03 02:16:20,788 : INFO : Run_id:2020-06-03_021620_495268341
2020-06-03 02:16:20,789 : INFO : Start of Data Load, validation and transformation
2020-06-03 02:16:20,789 : INFO : Start of Archiving Old Rejected Files...
2020-06-03 02:16:20,789 : INFO : End of Archiving Old Rejected Files...
2020-06-03 02:16:20,789 : INFO : Start of Archiving Old Validated Files...
2020-06-03 02:16:20,789 : INFO : End of Archiving Old Validated Files...
2020-06-03 02:16:20,789 : INFO : Start of Archiving Old Processed Files...
2020-06-03 02:16:20,790 : INFO : End of Archiving Old Processed Files...
2020-06-03 02:16:20,790 : INFO : Start of Archiving Old Result Files...
2020-06-03 02:16:20,790 : INFO : End of Archiving Old Result Files...
2020-06-03 02:16:20,790 : INFO : Start of Reading values From Schema...
2020-06-03 02:16:20,824 : INFO : End of Reading values From Schema...
2020-06-03 02:16:20,824 : INFO : Start of Validating Column Length...
2020-06-03 02:16:21,036 : INFO : End of Validating Column Length...
2020-06-03 02:16:21,037 : INFO : Start of Validating Missing Values...
2020-06-03 02:16:21,106 : INFO : End of Validating Missing Values...
2020-06-03 02:16:21,107 : INFO : Start of Replacing Missing Values with NULL...
2020-06-03 02:16:21,528 : INFO : hr_employee_churn_data.csv: File Transformed successfully!!
2020-06-03 02:16:21,528 : INFO : End of Replacing Missing Values with NULL...
2020-06-03 02:16:21,529 : INFO : Start of Creating Table...
2020-06-03 02:16:21,713 : INFO : Opened training database successfully
2020-06-03 02:16:21,955 : INFO : CREATE TABLE training_raw_data_t column_name
2020-06-03 02:16:22,056 : INFO : ALTER TABLE training_raw_data_t ADD COLUMN
2020-06-03 02:16:22,244 : INFO : ALTER TABLE training_raw_data_t ADD COLUMN
2020-06-03 02:16:22,347 : INFO : ALTER TABLE training_raw_data_t ADD COLUMN
2020-06-03 02:16:22,421 : INFO : ALTER TABLE training_raw_data_t ADD COLUMN
2020-06-03 02:16:22,536 : INFO : ALTER TABLE training_raw_data_t ADD COLUMN
2020-06-03 02:16:22,658 : INFO : ALTER TABLE training_raw_data_t ADD COLUMN
2020-06-03 02:16:22,731 : INFO : ALTER TABLE training_raw_data_t ADD COLUMN
2020-06-03 02:16:22,835 : INFO : ALTER TABLE training_raw_data_t ADD COLUMN
2020-06-03 02:16:22,968 : INFO : ALTER TABLE training_raw_data_t ADD COLUMN
2020-06-03 02:16:22,969 : INFO : End of Creating Table...
2020-06-03 02:16:22,971 : INFO : Opened training database successfully
2020-06-03 02:16:22,971 : INFO : Start of Inserting Data into Table...
2020-06-03 02:43:12,051 : INFO : End of Inserting Data into Table...
2020-06-03 02:43:12,052 : INFO : Start of Exporting Data into CSV...
2020-06-03 02:43:12,128 : INFO : Opened training database successfully
2020-06-03 02:43:12,590 : INFO : End of Exporting Data into CSV...
2020-06-03 02:43:12,592 : INFO : Start of Moving Processed Files...
2020-06-03 02:43:12,593 : INFO : Moved the already processed file hr_employee_churn_data.csv
2020-06-03 02:43:12,593 : INFO : End of Moving Processed Files...
2020-06-03 02:43:12,593 : INFO : End of Data Load, validation and transformation
2020-06-03 02:43:12,594 : INFO : Start of Preprocessing...
2020-06-03 02:43:12,594 : INFO : Start of reading dataset...
2020-06-03 02:43:12,797 : INFO : End of reading dataset...
2020-06-03 02:43:12,797 : INFO : Start of Droping Columns...
2020-06-03 02:43:12,839 : INFO : End of Droping Columns...
2020-06-03 02:43:12,839 : INFO : Start of feature encoding...
2020-06-03 02:43:12,931 : INFO : End of feature encoding...
2020-06-03 02:43:12,938 : INFO : Start of Droping Columns...
2020-06-03 02:43:12,948 : INFO : End of Droping Columns...
2020-06-03 02:43:12,948 : INFO : Start of finding missing values...
2020-06-03 02:43:12,978 : INFO : End of finding missing values...
2020-06-03 02:43:12,978 : INFO : Start of imputing missing values...
2020-06-03 02:43:13,175 : INFO : End of imputing missing values...
2020-06-03 02:43:13,175 : INFO : Start of splitting features and label ...
2020-06-03 02:43:13,178 : INFO : End of splitting features and label ...
2020-06-03 02:43:13,178 : INFO : End of Preprocessing...
2020-06-03 02:43:13,185 : INFO : Start of elbow plotting...
2020-06-03 02:43:22,237 : INFO : The optimum number of clusters is: 3
2020-06-03 02:43:22,237 : INFO : End of elbow plotting...
2020-06-03 02:43:22,238 : INFO : Start of Create clusters...
2020-06-03 02:43:22,530 : INFO : Start of Save Models
2020-06-03 02:43:22,530 : INFO : Start of Save Models
2020-06-03 02:43:22,562 : INFO : Model File KMeans saved
2020-06-03 02:43:22,562 : INFO : Model File KMeans saved
2020-06-03 02:43:22,562 : INFO : End of Save Models
2020-06-03 02:43:22,562 : INFO : End of Save Models
2020-06-03 02:43:22,563 : INFO : succesfully created 3clusters.
2020-06-03 02:43:22,564 : INFO : End of Create clusters...
2020-06-03 02:43:22,654 : INFO : Start of finding best model...
2020-06-03 02:43:22,655 : INFO : Start of finding best params for XGBoost algo...
2020-06-03 02:44:36,682 : INFO : XGBoost best params: {'learning_rate': 0.5, 'max_depth': 10, 'n_estimators': 200}
2020-06-03 02:44:36,682 : INFO : End of finding best params for XGBoost algo...
2020-06-03 02:44:36,812 : INFO : AUC for XGBoost:0.983593869701696
2020-06-03 02:44:36,812 : INFO : Start of finding best params for randomforest algo...
2020-06-03 02:45:19,195 : INFO : Random Forest best params: {'criterion': 'entropy', 'max_depth': 3, 'max_features': 'auto', 'n_estimators': 10}
2020-06-03 02:45:19,195 : INFO : End of finding best params for randomforest algo...
2020-06-03 02:45:19,200 : INFO : AUC for XGBoost:0.9639171207555619
2020-06-03 02:45:19,200 : INFO : End of finding best model...
2020-06-03 02:45:19,200 : INFO : Start of Save Models
2020-06-03 02:45:19,200 : INFO : Start of Save Models
2020-06-03 02:45:19,326 : INFO : Model File XGBoost2 saved
2020-06-03 02:45:19,326 : INFO : Model File XGBoost2 saved
2020-06-03 02:45:19,326 : INFO : End of Save Models
2020-06-03 02:45:19,326 : INFO : End of Save Models
2020-06-03 02:45:19,331 : INFO : Start of finding best model...
2020-06-03 02:45:19,332 : INFO : Start of finding best params for XGBoost algo...
2020-06-03 02:46:41,705 : INFO : XGBoost best params: {'learning_rate': 0.1, 'max_depth': 10, 'n_estimators': 100}
2020-06-03 02:46:41,705 : INFO : End of finding best params for XGBoost algo...
2020-06-03 02:46:41,715 : INFO : AUC for XGBoost:0.9832103511442503
2020-06-03 02:46:41,715 : INFO : Start of finding best params for randomforest algo...
2020-06-03 02:47:21,590 : INFO : Random Forest best params: {'criterion': 'entropy', 'max_depth': 3, 'max_features': 'log2', 'n_estimators': 130}
2020-06-03 02:47:21,590 : INFO : End of finding best params for randomforest algo...
2020-06-03 02:47:21,630 : INFO : AUC for XGBoost:0.9627677872666134
2020-06-03 02:47:21,630 : INFO : End of finding best model...
2020-06-03 02:47:21,630 : INFO : Start of Save Models
2020-06-03 02:47:21,630 : INFO : Start of Save Models
2020-06-03 02:47:21,633 : INFO : Model File XGBoost1 saved
2020-06-03 02:47:21,633 : INFO : Model File XGBoost1 saved
2020-06-03 02:47:21,634 : INFO : End of Save Models
2020-06-03 02:47:21,634 : INFO : End of Save Models
2020-06-03 02:47:21,639 : INFO : Start of finding best model...
2020-06-03 02:47:21,639 : INFO : Start of finding best params for XGBoost algo...
2020-06-03 02:48:19,531 : INFO : XGBoost best params: {'learning_rate': 0.5, 'max_depth': 20, 'n_estimators': 50}
2020-06-03 02:48:19,532 : INFO : End of finding best params for XGBoost algo...
2020-06-03 02:48:19,541 : INFO : AUC for XGBoost:0.9081905910735827
2020-06-03 02:48:19,541 : INFO : Start of finding best params for randomforest algo...
2020-06-03 02:48:59,838 : INFO : Random Forest best params: {'criterion': 'entropy', 'max_depth': 3, 'max_features': 'log2', 'n_estimators': 100}
2020-06-03 02:48:59,838 : INFO : End of finding best params for randomforest algo...
2020-06-03 02:48:59,868 : INFO : AUC for XGBoost:0.8200000000000001
2020-06-03 02:48:59,868 : INFO : End of finding best model...
2020-06-03 02:48:59,868 : INFO : Start of Save Models
2020-06-03 02:48:59,868 : INFO : Start of Save Models
2020-06-03 02:48:59,873 : INFO : Model File XGBoost0 saved
2020-06-03 02:48:59,873 : INFO : Model File XGBoost0 saved
2020-06-03 02:48:59,874 : INFO : End of Save Models
2020-06-03 02:48:59,874 : INFO : End of Save Models
2020-06-03 02:48:59,874 : INFO : End of Training
