2020-06-14 23:01:38,881 : INFO : Start of Prediction
2020-06-14 23:01:38,881 : INFO : run_id:2020-06-14_230138_414226666
2020-06-14 23:01:38,881 : INFO : Start of Preprocessing...
2020-06-14 23:01:38,882 : INFO : Start of feature encoding...
2020-06-14 23:01:38,889 : INFO : End of feature encoding...
2020-06-14 23:01:38,890 : INFO : Start of Droping Columns...
2020-06-14 23:01:38,891 : INFO : End of Droping Columns...
2020-06-14 23:01:38,892 : INFO : Start of finding missing values...
2020-06-14 23:01:38,892 : INFO : End of finding missing values...
2020-06-14 23:01:38,893 : INFO : Start of building final predictset...
2020-06-14 23:01:38,906 : INFO : End of building final predictset...
2020-06-14 23:01:38,907 : INFO : End of Preprocessing...
2020-06-14 23:01:38,907 : INFO : Start of Load Model
2020-06-14 23:01:38,907 : INFO : Model File KMeans loaded
2020-06-14 23:01:38,907 : INFO : End of Load Model
2020-06-14 23:01:38,914 : INFO : clusters loop started
2020-06-14 23:01:38,917 : INFO : Start of finding correct model
2020-06-14 23:01:38,918 : INFO : End of finding correct model
2020-06-14 23:01:38,918 : INFO : Start of Load Model
2020-06-14 23:01:38,918 : INFO : Model File XGBoost2 loaded
2020-06-14 23:01:38,918 : INFO : End of Load Model
2020-06-14 23:01:38,921 : INFO : Shape of Data (1, 9)
2020-06-14 23:01:38,927 : INFO : Shape of Data None
2020-06-14 23:01:38,932 : INFO : Output : [1.]
2020-06-14 23:01:38,932 : INFO : End of Prediction
