2020-06-14 23:20:13,198 : INFO : Start of Prediction
2020-06-14 23:20:13,199 : INFO : run_id:2020-06-14_232013_306943467
2020-06-14 23:20:13,199 : INFO : Start of Preprocessing...
2020-06-14 23:20:13,199 : INFO : Start of feature encoding...
2020-06-14 23:20:13,211 : INFO : End of feature encoding...
2020-06-14 23:20:13,213 : INFO : Start of Droping Columns...
2020-06-14 23:20:13,216 : INFO : End of Droping Columns...
2020-06-14 23:20:13,216 : INFO : Start of finding missing values...
2020-06-14 23:20:13,220 : INFO : End of finding missing values...
2020-06-14 23:20:13,220 : INFO : Start of building final predictset...
2020-06-14 23:20:13,229 : INFO : End of building final predictset...
2020-06-14 23:20:13,229 : INFO : End of Preprocessing...
2020-06-14 23:20:13,229 : INFO : Start of Load Model
2020-06-14 23:20:13,229 : INFO : Model File KMeans loaded
2020-06-14 23:20:13,229 : INFO : End of Load Model
2020-06-14 23:20:13,232 : INFO : clusters loop started
2020-06-14 23:20:13,239 : INFO : Start of finding correct model
2020-06-14 23:20:13,240 : INFO : End of finding correct model
2020-06-14 23:20:13,240 : INFO : Start of Load Model
2020-06-14 23:20:13,241 : INFO : Model File XGBoost2 loaded
2020-06-14 23:20:13,241 : INFO : End of Load Model
2020-06-14 23:20:13,247 : INFO : Shape of Data (1, 9)
2020-06-14 23:20:13,259 : INFO : Shape of Data None
2020-06-14 23:20:13,261 : INFO : Output : [1.]
2020-06-14 23:20:13,261 : INFO : End of Prediction
