2020-06-03 02:59:21,063 : INFO : Start of Prediction
2020-06-03 02:59:21,078 : INFO : run_id:2020-06-03_025921_969222727
2020-06-03 02:59:21,078 : INFO : Start of Data Load, validation and transformation
2020-06-03 02:59:21,078 : INFO : Start of Archiving Old Rejected Files...
2020-06-03 02:59:21,078 : INFO : End of Archiving Old Rejected Files...
2020-06-03 02:59:21,078 : INFO : Start of Archiving Old Validated Files...
2020-06-03 02:59:21,079 : INFO : End of Archiving Old Validated Files...
2020-06-03 02:59:21,079 : INFO : Start of Archiving Old Processed Files...
2020-06-03 02:59:21,079 : INFO : End of Archiving Old Processed Files...
2020-06-03 02:59:21,080 : INFO : Start of Archiving Old Result Files...
2020-06-03 02:59:21,080 : INFO : End of Archiving Old Result Files...
2020-06-03 02:59:21,080 : INFO : Start of Reading values From Schema...
2020-06-03 02:59:21,096 : INFO : End of Reading values From Schema...
2020-06-03 02:59:21,096 : INFO : Start of Validating Column Length...
2020-06-03 02:59:21,236 : INFO : End of Validating Column Length...
2020-06-03 02:59:21,236 : INFO : Start of Validating Missing Values...
2020-06-03 02:59:21,370 : INFO : End of Validating Missing Values...
2020-06-03 02:59:21,370 : INFO : Start of Replacing Missing Values with NULL...
2020-06-03 02:59:21,466 : INFO : hr_employee_churn_data_predict3.csv: File Transformed successfully!!
2020-06-03 02:59:21,466 : INFO : End of Replacing Missing Values with NULL...
2020-06-03 02:59:21,466 : INFO : Start of Creating Table...
2020-06-03 02:59:22,157 : INFO : Opened prediction database successfully
2020-06-03 02:59:24,443 : INFO : CREATE TABLE prediction_raw_data_t column_name
2020-06-03 02:59:24,621 : INFO : ALTER TABLE prediction_raw_data_t ADD COLUMN
2020-06-03 02:59:24,772 : INFO : ALTER TABLE prediction_raw_data_t ADD COLUMN
2020-06-03 02:59:25,018 : INFO : ALTER TABLE prediction_raw_data_t ADD COLUMN
2020-06-03 02:59:25,143 : INFO : ALTER TABLE prediction_raw_data_t ADD COLUMN
2020-06-03 02:59:25,305 : INFO : ALTER TABLE prediction_raw_data_t ADD COLUMN
2020-06-03 02:59:25,462 : INFO : ALTER TABLE prediction_raw_data_t ADD COLUMN
2020-06-03 02:59:25,627 : INFO : ALTER TABLE prediction_raw_data_t ADD COLUMN
2020-06-03 02:59:25,760 : INFO : ALTER TABLE prediction_raw_data_t ADD COLUMN
2020-06-03 02:59:25,773 : INFO : End of Creating Table...
2020-06-03 02:59:25,875 : INFO : Opened prediction database successfully
2020-06-03 02:59:25,875 : INFO : Start of Inserting Data into Table...
2020-06-03 02:59:26,400 : INFO : End of Inserting Data into Table...
2020-06-03 02:59:26,400 : INFO : Start of Exporting Data into CSV...
2020-06-03 02:59:26,489 : INFO : Opened prediction database successfully
2020-06-03 02:59:26,491 : INFO : End of Exporting Data into CSV...
2020-06-03 02:59:26,491 : INFO : Start of Moving Processed Files...
2020-06-03 02:59:26,523 : INFO : Moved the already processed file hr_employee_churn_data_predict3.csv
2020-06-03 02:59:26,523 : INFO : End of Moving Processed Files...
2020-06-03 02:59:26,523 : INFO : End of Data Load, validation and transformation
2020-06-03 02:59:26,524 : INFO : Start of Preprocessing...
2020-06-03 02:59:26,524 : INFO : Start of reading dataset...
2020-06-03 02:59:26,579 : INFO : End of reading dataset...
2020-06-03 02:59:26,579 : INFO : Start of feature encoding...
2020-06-03 02:59:26,727 : INFO : End of feature encoding...
2020-06-03 02:59:26,730 : INFO : Start of Droping Columns...
2020-06-03 02:59:26,740 : INFO : End of Droping Columns...
2020-06-03 02:59:26,740 : INFO : Start of finding missing values...
2020-06-03 02:59:26,743 : INFO : End of finding missing values...
2020-06-03 02:59:26,743 : INFO : Start of building final predictset...
2020-06-03 02:59:26,800 : INFO : End of building final predictset...
2020-06-03 02:59:26,800 : INFO : End of Preprocessing...
2020-06-03 02:59:26,801 : INFO : Start of Load Model
2020-06-03 02:59:26,878 : INFO : Model File KMeans loaded
2020-06-03 02:59:26,878 : INFO : End of Load Model
2020-06-03 02:59:27,323 : INFO : clusters loop started
2020-06-03 02:59:27,328 : INFO : Start of finding correct model
2020-06-03 02:59:27,328 : INFO : End of finding correct model
2020-06-03 02:59:27,328 : INFO : Start of Load Model
2020-06-03 02:59:27,329 : INFO : Model File XGBoost2 loaded
2020-06-03 02:59:27,329 : INFO : End of Load Model
2020-06-03 02:59:28,128 : INFO : clusters loop started
2020-06-03 02:59:28,132 : INFO : Start of finding correct model
2020-06-03 02:59:28,133 : INFO : End of finding correct model
2020-06-03 02:59:28,133 : INFO : Start of Load Model
2020-06-03 02:59:28,133 : INFO : Model File XGBoost1 loaded
2020-06-03 02:59:28,133 : INFO : End of Load Model
2020-06-03 02:59:28,243 : INFO : End of Prediction
