2020-06-03 03:00:54,154 : INFO : Start of Prediction
2020-06-03 03:00:54,155 : INFO : run_id:2020-06-03_030054_345211600
2020-06-03 03:00:54,155 : INFO : Start of Data Load, validation and transformation
2020-06-03 03:00:54,155 : INFO : Start of Archiving Old Rejected Files...
2020-06-03 03:00:54,156 : INFO : End of Archiving Old Rejected Files...
2020-06-03 03:00:54,156 : INFO : Start of Archiving Old Validated Files...
2020-06-03 03:00:54,158 : INFO : End of Archiving Old Validated Files...
2020-06-03 03:00:54,158 : INFO : Start of Archiving Old Processed Files...
2020-06-03 03:00:54,160 : INFO : End of Archiving Old Processed Files...
2020-06-03 03:00:54,160 : INFO : Start of Archiving Old Result Files...
2020-06-03 03:00:54,163 : INFO : End of Archiving Old Result Files...
2020-06-03 03:00:54,164 : INFO : Start of Reading values From Schema...
2020-06-03 03:00:54,165 : INFO : End of Reading values From Schema...
2020-06-03 03:00:54,165 : INFO : Start of Validating Column Length...
2020-06-03 03:00:54,170 : INFO : End of Validating Column Length...
2020-06-03 03:00:54,170 : INFO : Start of Validating Missing Values...
2020-06-03 03:00:54,176 : INFO : End of Validating Missing Values...
2020-06-03 03:00:54,176 : INFO : Start of Replacing Missing Values with NULL...
2020-06-03 03:00:54,186 : INFO : hr_employee_churn_data_predict3.csv: File Transformed successfully!!
2020-06-03 03:00:54,186 : INFO : End of Replacing Missing Values with NULL...
2020-06-03 03:00:54,186 : INFO : Start of Creating Table...
2020-06-03 03:00:54,187 : INFO : Opened prediction database successfully
2020-06-03 03:00:54,374 : INFO : CREATE TABLE prediction_raw_data_t column_name
2020-06-03 03:00:54,463 : INFO : ALTER TABLE prediction_raw_data_t ADD COLUMN
2020-06-03 03:00:54,539 : INFO : ALTER TABLE prediction_raw_data_t ADD COLUMN
2020-06-03 03:00:54,630 : INFO : ALTER TABLE prediction_raw_data_t ADD COLUMN
2020-06-03 03:00:54,730 : INFO : ALTER TABLE prediction_raw_data_t ADD COLUMN
2020-06-03 03:00:54,818 : INFO : ALTER TABLE prediction_raw_data_t ADD COLUMN
2020-06-03 03:00:54,907 : INFO : ALTER TABLE prediction_raw_data_t ADD COLUMN
2020-06-03 03:00:55,032 : INFO : ALTER TABLE prediction_raw_data_t ADD COLUMN
2020-06-03 03:00:55,128 : INFO : ALTER TABLE prediction_raw_data_t ADD COLUMN
2020-06-03 03:00:55,130 : INFO : End of Creating Table...
2020-06-03 03:00:55,149 : INFO : Opened prediction database successfully
2020-06-03 03:00:55,149 : INFO : Start of Inserting Data into Table...
2020-06-03 03:00:55,682 : INFO : End of Inserting Data into Table...
2020-06-03 03:00:55,682 : INFO : Start of Exporting Data into CSV...
2020-06-03 03:00:55,700 : INFO : Opened prediction database successfully
2020-06-03 03:00:55,701 : INFO : End of Exporting Data into CSV...
2020-06-03 03:00:55,702 : INFO : Start of Moving Processed Files...
2020-06-03 03:00:55,703 : INFO : Moved the already processed file hr_employee_churn_data_predict3.csv
2020-06-03 03:00:55,704 : INFO : End of Moving Processed Files...
2020-06-03 03:00:55,704 : INFO : End of Data Load, validation and transformation
2020-06-03 03:00:55,704 : INFO : Start of Preprocessing...
2020-06-03 03:00:55,704 : INFO : Start of reading dataset...
2020-06-03 03:00:55,708 : INFO : End of reading dataset...
2020-06-03 03:00:55,708 : INFO : Start of feature encoding...
2020-06-03 03:00:55,717 : INFO : End of feature encoding...
2020-06-03 03:00:55,718 : INFO : Start of Droping Columns...
2020-06-03 03:00:55,719 : INFO : End of Droping Columns...
2020-06-03 03:00:55,720 : INFO : Start of finding missing values...
2020-06-03 03:00:55,720 : INFO : End of finding missing values...
2020-06-03 03:00:55,721 : INFO : Start of building final predictset...
2020-06-03 03:00:55,734 : INFO : End of building final predictset...
2020-06-03 03:00:55,734 : INFO : End of Preprocessing...
2020-06-03 03:00:55,734 : INFO : Start of Load Model
2020-06-03 03:00:55,734 : INFO : Model File KMeans loaded
2020-06-03 03:00:55,734 : INFO : End of Load Model
2020-06-03 03:00:55,738 : INFO : clusters loop started
2020-06-03 03:00:55,740 : INFO : Start of finding correct model
2020-06-03 03:00:55,740 : INFO : End of finding correct model
2020-06-03 03:00:55,740 : INFO : Start of Load Model
2020-06-03 03:00:55,740 : INFO : Model File XGBoost2 loaded
2020-06-03 03:00:55,741 : INFO : End of Load Model
2020-06-03 03:00:55,753 : INFO : clusters loop started
2020-06-03 03:00:55,758 : INFO : Start of finding correct model
2020-06-03 03:00:55,758 : INFO : End of finding correct model
2020-06-03 03:00:55,759 : INFO : Start of Load Model
2020-06-03 03:00:55,759 : INFO : Model File XGBoost1 loaded
2020-06-03 03:00:55,759 : INFO : End of Load Model
2020-06-03 03:00:55,775 : INFO : End of Prediction
