2020-06-14 22:57:18,001 : INFO : Start of Prediction
2020-06-14 22:57:18,016 : INFO : run_id:2020-06-14_225717_943729957
2020-06-14 22:57:18,016 : INFO : Start of Preprocessing...
2020-06-14 22:57:18,016 : INFO : Start of feature encoding...
2020-06-14 22:57:18,093 : INFO : End of feature encoding...
2020-06-14 22:57:18,096 : INFO : Start of Droping Columns...
2020-06-14 22:57:18,102 : INFO : End of Droping Columns...
2020-06-14 22:57:18,102 : INFO : Start of finding missing values...
2020-06-14 22:57:18,104 : INFO : End of finding missing values...
2020-06-14 22:57:18,105 : INFO : Start of building final predictset...
2020-06-14 22:57:18,180 : INFO : End of building final predictset...
2020-06-14 22:57:18,180 : INFO : End of Preprocessing...
2020-06-14 22:57:18,180 : INFO : Start of Load Model
2020-06-14 22:57:18,217 : INFO : Model File KMeans loaded
2020-06-14 22:57:18,217 : INFO : End of Load Model
2020-06-14 22:57:18,350 : INFO : clusters loop started
2020-06-14 22:57:18,358 : INFO : Start of finding correct model
2020-06-14 22:57:18,359 : INFO : End of finding correct model
2020-06-14 22:57:18,359 : INFO : Start of Load Model
2020-06-14 22:57:18,411 : INFO : Model File XGBoost2 loaded
2020-06-14 22:57:18,411 : INFO : End of Load Model
2020-06-14 22:57:18,552 : INFO : Shape of Data (1, 9)
2020-06-14 22:57:18,567 : INFO : Shape of Data None
2020-06-14 22:57:18,598 : INFO : Output : [1.]
2020-06-14 22:57:18,598 : INFO : End of Prediction
