2020-06-14 23:30:28,385 : INFO : Start of Prediction
2020-06-14 23:30:28,385 : INFO : run_id:2020-06-14_233028_132691389
2020-06-14 23:30:28,385 : INFO : Start of Preprocessing...
2020-06-14 23:30:28,385 : INFO : Start of feature encoding...
2020-06-14 23:30:28,394 : INFO : End of feature encoding...
2020-06-14 23:30:28,395 : INFO : Start of Droping Columns...
2020-06-14 23:30:28,397 : INFO : End of Droping Columns...
2020-06-14 23:30:28,397 : INFO : Start of finding missing values...
2020-06-14 23:30:28,398 : INFO : End of finding missing values...
2020-06-14 23:30:28,400 : INFO : Start of building final predictset...
2020-06-14 23:30:28,409 : INFO : End of building final predictset...
2020-06-14 23:30:28,409 : INFO : End of Preprocessing...
2020-06-14 23:30:28,409 : INFO : Start of Load Model
2020-06-14 23:30:28,409 : INFO : Model File KMeans loaded
2020-06-14 23:30:28,409 : INFO : End of Load Model
2020-06-14 23:30:28,413 : INFO : clusters loop started
2020-06-14 23:30:28,416 : INFO : Start of finding correct model
2020-06-14 23:30:28,417 : INFO : End of finding correct model
2020-06-14 23:30:28,417 : INFO : Start of Load Model
2020-06-14 23:30:28,417 : INFO : Model File XGBoost2 loaded
2020-06-14 23:30:28,417 : INFO : End of Load Model
2020-06-14 23:30:28,420 : INFO : Shape of Data (1, 9)
2020-06-14 23:30:28,428 : INFO : Shape of Data None
2020-06-14 23:30:28,431 : INFO : Output : [1.]
2020-06-14 23:30:28,431 : INFO : End of Prediction
